<?xml version="1.0" encoding="UTF-8"?>
<!-- Generated by org.testng.reporters.JUnitReportReporter -->
<testsuite skipped="0" hostname="LAPTOP-DP8EJ640" name="com.technocredits.orghrm.testscripts.UserProfileTest" tests="1" failures="0" timestamp="2 Nov 2021 06:21:46 GMT" time="0.031" errors="0">
  <testcase name="verfiyUserMenuOptions" time="0.031" classname="com.technocredits.orghrm.testscripts.UserProfileTest"/>
</testsuite> <!-- com.technocredits.orghrm.testscripts.UserProfileTest -->
