<?xml version="1.0" encoding="UTF-8"?>
<!-- Generated by org.testng.reporters.JUnitReportReporter -->
<testsuite skipped="0" hostname="LAPTOP-DP8EJ640" name="com.technocredits.orghrm.testscripts.DashboardTest" tests="1" failures="0" timestamp="5 Nov 2021 14:30:25 GMT" time="0.787" errors="0">
  <testcase name="verfiyWidgetsTest" time="0.787" classname="com.technocredits.orghrm.testscripts.DashboardTest"/>
</testsuite> <!-- com.technocredits.orghrm.testscripts.DashboardTest -->
